
Starting session with SessionId: Jason-bj7dg4is9u25tf87sl45yht4ru

Starting session with SessionId: Jason-yh38ibpy8eyz4rgk3ucdvklr9i

Starting session with SessionId: Jason-47vjqyq3djcsu44pxysous87b4
Port 9011 opened for sessionId Jason-bj7dg4is9u25tf87sl45yht4ru.
Waiting for connections...
Port 9010 opened for sessionId Jason-yh38ibpy8eyz4rgk3ucdvklr9i.Port 9013 opened for sessionId Jason-47vjqyq3djcsu44pxysous87b4.
Waiting for connections...

Waiting for connections...

Connection accepted for session [Jason-yh38ibpy8eyz4rgk3ucdvklr9i]

Connection accepted for session [Jason-bj7dg4is9u25tf87sl45yht4ru]

Connection accepted for session [Jason-47vjqyq3djcsu44pxysous87b4]


SessionId: Jason-yh38ibpy8eyz4rgk3ucdvklr9i : Your session timed out due to inactivity and has been terminated.



SessionId: Jason-47vjqyq3djcsu44pxysous87b4 : Your session timed out due to inactivity and has been terminated.


Starting session with SessionId: Jason-dtlf5ijvd2gn8cess64298u9pu
Port 9010 opened for sessionId Jason-dtlf5ijvd2gn8cess64298u9pu.
Waiting for connections...

Starting session with SessionId: Jason-zznqv788qclyqcjy9rvonse67y
Port 9013 opened for sessionId Jason-zznqv788qclyqcjy9rvonse67y.
Waiting for connections...


Exiting session with sessionId: Jason-bj7dg4is9u25tf87sl45yht4ru.


Starting session with SessionId: Jason-vi3ddpzn4ocjani7y4jp5bt284
Port 9011 opened for sessionId Jason-vi3ddpzn4ocjani7y4jp5bt284.
Waiting for connections...


SessionId: Jason-zznqv788qclyqcjy9rvonse67y : Your session timed out due to inactivity and has been terminated.


Starting session with SessionId: Jason-acpgx8hqvdxap5cip7n4li6bje
Port 9013 opened for sessionId Jason-acpgx8hqvdxap5cip7n4li6bje.
Waiting for connections...


SessionId: Jason-vi3ddpzn4ocjani7y4jp5bt284 : Your session timed out due to inactivity and has been terminated.


Starting session with SessionId: Jason-zx4v5ec6kh7ihha8qvhfrf6cuq
Port 9011 opened for sessionId Jason-zx4v5ec6kh7ihha8qvhfrf6cuq.
Waiting for connections...


SessionId: Jason-dtlf5ijvd2gn8cess64298u9pu : Your session timed out due to inactivity and has been terminated.


Starting session with SessionId: Jason-ovqr32ibglctj9eslvnoa3xc8i
Port 9010 opened for sessionId Jason-ovqr32ibglctj9eslvnoa3xc8i.
Waiting for connections...


Exiting session with sessionId: Jason-zx4v5ec6kh7ihha8qvhfrf6cuq.


Starting session with SessionId: Jason-pz6l8tebayolxdox58nkurgl7a
Port 9011 opened for sessionId Jason-pz6l8tebayolxdox58nkurgl7a.
Waiting for connections...


Exiting session with sessionId: Jason-acpgx8hqvdxap5cip7n4li6bje.


Starting session with SessionId: Jason-jipjv9bvdk99y2uc95olda8u7u
Port 9013 opened for sessionId Jason-jipjv9bvdk99y2uc95olda8u7u.
Waiting for connections...


SessionId: Jason-ovqr32ibglctj9eslvnoa3xc8i : Your session timed out due to inactivity and has been terminated.


Starting session with SessionId: Jason-u64rfxhs5jxjsqara33cdyk5f8
Port 9010 opened for sessionId Jason-u64rfxhs5jxjsqara33cdyk5f8.
Waiting for connections...


SessionId: Jason-pz6l8tebayolxdox58nkurgl7a : Your session timed out due to inactivity and has been terminated.


Starting session with SessionId: Jason-ielx39nk87r56b3i6o8se2ygyu
Port 9011 opened for sessionId Jason-ielx39nk87r56b3i6o8se2ygyu.
Waiting for connections...


Exiting session with sessionId: Jason-jipjv9bvdk99y2uc95olda8u7u.


Starting session with SessionId: Jason-veuqdgo88tbgh6r9yi23lnegvu
Port 9013 opened for sessionId Jason-veuqdgo88tbgh6r9yi23lnegvu.
Waiting for connections...


Exiting session with sessionId: Jason-u64rfxhs5jxjsqara33cdyk5f8.


Starting session with SessionId: Jason-sszhz8ihkvkv4pkg7zj5qsch94
Port 9010 opened for sessionId Jason-sszhz8ihkvkv4pkg7zj5qsch94.
Waiting for connections...

Connection accepted for session [Jason-sszhz8ihkvkv4pkg7zj5qsch94]

Connection accepted for session [Jason-ielx39nk87r56b3i6o8se2ygyu]

Connection accepted for session [Jason-veuqdgo88tbgh6r9yi23lnegvu]


SessionId: Jason-sszhz8ihkvkv4pkg7zj5qsch94 : Your session timed out due to inactivity and has been terminated.


Starting session with SessionId: Jason-v7x7j4k7rkdnspusg3tnouio7y
Port 9010 opened for sessionId Jason-v7x7j4k7rkdnspusg3tnouio7y.
Waiting for connections...


SessionId: Jason-ielx39nk87r56b3i6o8se2ygyu : Your session timed out due to inactivity and has been terminated.



Exiting session with sessionId: Jason-veuqdgo88tbgh6r9yi23lnegvu.


Starting session with SessionId: Jason-7shz24t2k5yclvbrsnzaryiole
Port 9011 opened for sessionId Jason-7shz24t2k5yclvbrsnzaryiole.
Waiting for connections...

Starting session with SessionId: Jason-xhyxfv64vktboqqdndadd2nify
Port 9013 opened for sessionId Jason-xhyxfv64vktboqqdndadd2nify.
Waiting for connections...


SessionId: Jason-v7x7j4k7rkdnspusg3tnouio7y : Your session timed out due to inactivity and has been terminated.


Starting session with SessionId: Jason-csoqs2kxuoggnztucu7icd3vn4
Port 9010 opened for sessionId Jason-csoqs2kxuoggnztucu7icd3vn4.
Waiting for connections...


Exiting session with sessionId: Jason-xhyxfv64vktboqqdndadd2nify.


Starting session with SessionId: Jason-okgknce4h89xple9c4pbx6y4gy
Port 9013 opened for sessionId Jason-okgknce4h89xple9c4pbx6y4gy.
Waiting for connections...


Exiting session with sessionId: Jason-7shz24t2k5yclvbrsnzaryiole.


Starting session with SessionId: Jason-ry5zuokijszez6snoa6euobtbu
Port 9011 opened for sessionId Jason-ry5zuokijszez6snoa6euobtbu.
Waiting for connections...


Exiting session with sessionId: Jason-csoqs2kxuoggnztucu7icd3vn4.


Starting session with SessionId: Jason-7c478zgfj3i26szu68fgtjxda8
Port 9010 opened for sessionId Jason-7c478zgfj3i26szu68fgtjxda8.
Waiting for connections...


SessionId: Jason-okgknce4h89xple9c4pbx6y4gy : Your session timed out due to inactivity and has been terminated.


Starting session with SessionId: Jason-ssk39u72xo9uyuu9gxtb8r4rr8
Port 9013 opened for sessionId Jason-ssk39u72xo9uyuu9gxtb8r4rr8.
Waiting for connections...


SessionId: Jason-ry5zuokijszez6snoa6euobtbu : Your session timed out due to inactivity and has been terminated.


Starting session with SessionId: Jason-las6v9dlt2voy5cvrvva5uxlc4
Port 9011 opened for sessionId Jason-las6v9dlt2voy5cvrvva5uxlc4.
Waiting for connections...


SessionId: Jason-7c478zgfj3i26szu68fgtjxda8 : Your session timed out due to inactivity and has been terminated.


Starting session with SessionId: Jason-72lpidu3a5kkusqkzkvzuj5tk8
Port 9010 opened for sessionId Jason-72lpidu3a5kkusqkzkvzuj5tk8.
Waiting for connections...


SessionId: Jason-ssk39u72xo9uyuu9gxtb8r4rr8 : Your session timed out due to inactivity and has been terminated.



SessionId: Jason-las6v9dlt2voy5cvrvva5uxlc4 : Your session timed out due to inactivity and has been terminated.


Starting session with SessionId: Jason-v522nk8lskpoarqn69fcgujddu
Port 9013 opened for sessionId Jason-v522nk8lskpoarqn69fcgujddu.
Waiting for connections...

Starting session with SessionId: Jason-yv93ar3okcohbfsz9i6subtbyi
Port 9011 opened for sessionId Jason-yv93ar3okcohbfsz9i6subtbyi.
Waiting for connections...


Exiting session with sessionId: Jason-72lpidu3a5kkusqkzkvzuj5tk8.


Starting session with SessionId: Jason-cz9ruegysrchl8oie2os5ulyc8
Port 9010 opened for sessionId Jason-cz9ruegysrchl8oie2os5ulyc8.
Waiting for connections...


Exiting session with sessionId: Jason-yv93ar3okcohbfsz9i6subtbyi.


Starting session with SessionId: Jason-kv4ko2e62qjokzf828dc96eidi
Port 9011 opened for sessionId Jason-kv4ko2e62qjokzf828dc96eidi.
Waiting for connections...


Exiting session with sessionId: Jason-v522nk8lskpoarqn69fcgujddu.


Starting session with SessionId: Jason-ax4p7kao2qdn8v39vqurzbtrs4
Port 9013 opened for sessionId Jason-ax4p7kao2qdn8v39vqurzbtrs4.
Waiting for connections...
Session: Jason-kv4ko2e62qjokzf828dc96eidi timed out.
Session: Jason-ax4p7kao2qdn8v39vqurzbtrs4 timed out.
Session: Jason-cz9ruegysrchl8oie2os5ulyc8 timed out.

Starting session with SessionId: Jason-3gp7333yfjjrqy6jf8e6kbrt3i
Port 9011 opened for sessionId Jason-3gp7333yfjjrqy6jf8e6kbrt3i.
Waiting for connections...

Starting session with SessionId: Jason-ulf8hrxaevnqbg6x2bc85rgj7y

Starting session with SessionId: Jason-fbyy2fpuqhbdd5oprp3zc8krki
Port 9013 opened for sessionId Jason-ulf8hrxaevnqbg6x2bc85rgj7y.
Waiting for connections...
Port 9010 opened for sessionId Jason-fbyy2fpuqhbdd5oprp3zc8krki.
Waiting for connections...


SessionId: Jason-ulf8hrxaevnqbg6x2bc85rgj7y : Your session timed out due to inactivity and has been terminated.



SessionId: Jason-3gp7333yfjjrqy6jf8e6kbrt3i : Your session timed out due to inactivity and has been terminated.



SessionId: Jason-fbyy2fpuqhbdd5oprp3zc8krki : Your session timed out due to inactivity and has been terminated.


Starting session with SessionId: Jason-szolpaa6q74r8n6dadsx8nt3ga
Port 9013 opened for sessionId Jason-szolpaa6q74r8n6dadsx8nt3ga.
Waiting for connections...

Starting session with SessionId: Jason-47an4efu8bo3icsozn3i2h3oo4
Port 9011 opened for sessionId Jason-47an4efu8bo3icsozn3i2h3oo4.
Waiting for connections...

Starting session with SessionId: Jason-8hcz8h692ujgeo5sxf8dgu8onu
Port 9010 opened for sessionId Jason-8hcz8h692ujgeo5sxf8dgu8onu.
Waiting for connections...


Exiting session with sessionId: Jason-47an4efu8bo3icsozn3i2h3oo4.


Starting session with SessionId: Jason-zjqs93hp7v84uts4x3yg94cddq


Exiting session with sessionId: Jason-szolpaa6q74r8n6dadsx8nt3ga.

Port 9011 opened for sessionId Jason-zjqs93hp7v84uts4x3yg94cddq.
Waiting for connections...


Exiting session with sessionId: Jason-8hcz8h692ujgeo5sxf8dgu8onu.


Starting session with SessionId: Jason-esdepj4q65sjs2cu6z458zkr5u
Port 9013 opened for sessionId Jason-esdepj4q65sjs2cu6z458zkr5u.
Waiting for connections...

Starting session with SessionId: Jason-uplj57nzdgs8e6rtlaxn6xqtn8
Port 9010 opened for sessionId Jason-uplj57nzdgs8e6rtlaxn6xqtn8.
Waiting for connections...


SessionId: Jason-zjqs93hp7v84uts4x3yg94cddq : Your session timed out due to inactivity and has been terminated.



SessionId: Jason-esdepj4q65sjs2cu6z458zkr5u : Your session timed out due to inactivity and has been terminated.


Starting session with SessionId: Jason-ali2lso6bsno5h8ku294nlo92a
Port 9011 opened for sessionId Jason-ali2lso6bsno5h8ku294nlo92a.
Waiting for connections...

Starting session with SessionId: Jason-id2qe6ijgc56hhzhh3q3xjl2ge
Port 9013 opened for sessionId Jason-id2qe6ijgc56hhzhh3q3xjl2ge.
Waiting for connections...


SessionId: Jason-uplj57nzdgs8e6rtlaxn6xqtn8 : Your session timed out due to inactivity and has been terminated.


Starting session with SessionId: Jason-9xlv5c9lpfqz2lse643gyqv9ja
Port 9010 opened for sessionId Jason-9xlv5c9lpfqz2lse643gyqv9ja.
Waiting for connections...


SessionId: Jason-ali2lso6bsno5h8ku294nlo92a : Your session timed out due to inactivity and has been terminated.


Starting session with SessionId: Jason-4hc2jaa9l9ndfayvcs6j2esene
Port 9011 opened for sessionId Jason-4hc2jaa9l9ndfayvcs6j2esene.
Waiting for connections...


SessionId: Jason-id2qe6ijgc56hhzhh3q3xjl2ge : Your session timed out due to inactivity and has been terminated.


Starting session with SessionId: Jason-rqrq6bbk3xd8jj3ozn6isv886u
Port 9013 opened for sessionId Jason-rqrq6bbk3xd8jj3ozn6isv886u.
Waiting for connections...


Exiting session with sessionId: Jason-9xlv5c9lpfqz2lse643gyqv9ja.


Starting session with SessionId: Jason-knhip79oq9t8sai2b5a5t52y58
Port 9010 opened for sessionId Jason-knhip79oq9t8sai2b5a5t52y58.
Waiting for connections...


SessionId: Jason-4hc2jaa9l9ndfayvcs6j2esene : Your session timed out due to inactivity and has been terminated.


Starting session with SessionId: Jason-s3rbbf3g3op3d27nhpdu9eyp9e
Port 9011 opened for sessionId Jason-s3rbbf3g3op3d27nhpdu9eyp9e.
Waiting for connections...


Exiting session with sessionId: Jason-rqrq6bbk3xd8jj3ozn6isv886u.


Starting session with SessionId: Jason-fj2etvxyck28olft2suj4yzoh8
Port 9013 opened for sessionId Jason-fj2etvxyck28olft2suj4yzoh8.
Waiting for connections...


SessionId: Jason-knhip79oq9t8sai2b5a5t52y58 : Your session timed out due to inactivity and has been terminated.


Starting session with SessionId: Jason-inf36j3k2lenfyzv89qo3lyen8
Port 9010 opened for sessionId Jason-inf36j3k2lenfyzv89qo3lyen8.
Waiting for connections...
Session: Jason-inf36j3k2lenfyzv89qo3lyen8 timed out.
Session: Jason-fj2etvxyck28olft2suj4yzoh8 timed out.

Starting session with SessionId: Jason-py59t2s4cnpo78oyt239rz8444
Port 9010 opened for sessionId Jason-py59t2s4cnpo78oyt239rz8444.
Waiting for connections...

Starting session with SessionId: Jason-ebo2ipjcensefa8ocg26oaqigq
Port 9013 opened for sessionId Jason-ebo2ipjcensefa8ocg26oaqigq.
Waiting for connections...
Session: Jason-s3rbbf3g3op3d27nhpdu9eyp9e timed out.

Starting session with SessionId: Jason-3crs9zhe79ryhjhrnduk565d9a
Port 9011 opened for sessionId Jason-3crs9zhe79ryhjhrnduk565d9a.
Waiting for connections...


Exiting session with sessionId: Jason-ebo2ipjcensefa8ocg26oaqigq.



Exiting session with sessionId: Jason-py59t2s4cnpo78oyt239rz8444.


Starting session with SessionId: Jason-ndqqrgcxgggfzovn5ckpn2ayc4
Port 9013 opened for sessionId Jason-ndqqrgcxgggfzovn5ckpn2ayc4.
Waiting for connections...

Starting session with SessionId: Jason-cfh86685sp5lcz69cj99zjzuqe
Port 9010 opened for sessionId Jason-cfh86685sp5lcz69cj99zjzuqe.
Waiting for connections...


Exiting session with sessionId: Jason-3crs9zhe79ryhjhrnduk565d9a.


Starting session with SessionId: Jason-txpecnnbykta64r8j8ouc5iisy
Port 9011 opened for sessionId Jason-txpecnnbykta64r8j8ouc5iisy.
Waiting for connections...


SessionId: Jason-cfh86685sp5lcz69cj99zjzuqe : Your session timed out due to inactivity and has been terminated.


Starting session with SessionId: Jason-vi3ubcjzckzrt4arzcxprq4k6q
Port 9010 opened for sessionId Jason-vi3ubcjzckzrt4arzcxprq4k6q.
Waiting for connections...


SessionId: Jason-ndqqrgcxgggfzovn5ckpn2ayc4 : Your session timed out due to inactivity and has been terminated.


Starting session with SessionId: Jason-5vkrbxggjt5sa32onirxsughkq
Port 9013 opened for sessionId Jason-5vkrbxggjt5sa32onirxsughkq.
Waiting for connections...


SessionId: Jason-txpecnnbykta64r8j8ouc5iisy : Your session timed out due to inactivity and has been terminated.


Starting session with SessionId: Jason-o47ulspt3f5t7li5e8ckochfai
Port 9011 opened for sessionId Jason-o47ulspt3f5t7li5e8ckochfai.
Waiting for connections...
